# JRE version: Java(TM) SE Runtime Environment (14.0.2+12) (build 14.0.2+12-46)
# Java VM: Java HotSpot(TM) 64-Bit Server VM (14.0.2+12-46, mixed mode, sharing, tiered, compressed oops, parallel gc, windows-amd64)
Heap:
 PSYoungGen      total 50688K, used 20005K [0x00000000eab00000, 0x00000000ef280000, 0x0000000100000000)
  eden space 31232K, 2% used [0x00000000eab00000,0x00000000eabba5c8,0x00000000ec980000)
  from space 19456K, 98% used [0x00000000edf80000,0x00000000ef24ef08,0x00000000ef280000)
  to   space 20992K, 0% used [0x00000000ec980000,0x00000000ec980000,0x00000000ede00000)
 ParOldGen       total 699392K, used 341224K [0x00000000c0000000, 0x00000000eab00000, 0x00000000eab00000)
  object space 699392K, 48% used [0x00000000c0000000,0x00000000d4d3a2d0,0x00000000eab00000)
 Metaspace       used 75671K, capacity 79035K, committed 79232K, reserved 1118208K
  class space    used 8852K, capacity 10010K, committed 10112K, reserved 1048576K
GC Heap History (20 events):
Event: 1059.283 GC heap before
{Heap before GC invocations=434 (full 252):
 PSYoungGen      total 34816K, used 34802K [0x00000000eab00000, 0x00000000edd80000, 0x0000000100000000)
  eden space 20992K, 100% used [0x00000000eab00000,0x00000000ebf80000,0x00000000ebf80000)
  from space 13824K, 99% used [0x00000000ec000000,0x00000000ecd7c8e8,0x00000000ecd80000)
  to   space 15360K, 0% used [0x00000000ece80000,0x00000000ece80000,0x00000000edd80000)
 ParOldGen       total 699392K, used 288295K [0x00000000c0000000, 0x00000000eab00000, 0x00000000eab00000)
  object space 699392K, 41% used [0x00000000c0000000,0x00000000d1989fb8,0x00000000eab00000)
 Metaspace       used 75579K, capacity 78965K, committed 79232K, reserved 1118208K
  class space    used 8849K, capacity 10009K, committed 10112K, reserved 1048576K
}
Event: 1059.303 GC heap after
{Heap after GC invocations=434 (full 252):
 PSYoungGen      total 36352K, used 13759K [0x00000000eab00000, 0x00000000edc80000, 0x0000000100000000)
  eden space 22016K, 0% used [0x00000000eab00000,0x00000000eab00000,0x00000000ec080000)
  from space 14336K, 95% used [0x00000000ece80000,0x00000000edbefd98,0x00000000edc80000)
  to   space 14336K, 0% used [0x00000000ec080000,0x00000000ec080000,0x00000000ece80000)
 ParOldGen       total 699392K, used 292512K [0x00000000c0000000, 0x00000000eab00000, 0x00000000eab00000)
  object space 699392K, 41% used [0x00000000c0000000,0x00000000d1da8180,0x00000000eab00000)
 Metaspace       used 75579K, capacity 78965K, committed 79232K, reserved 1118208K
  class space    used 8849K, capacity 10009K, committed 10112K, reserved 1048576K
}
Event: 1059.401 GC heap before
{Heap before GC invocations=435 (full 252):
 PSYoungGen      total 36352K, used 35775K [0x00000000eab00000, 0x00000000edc80000, 0x0000000100000000)
  eden space 22016K, 100% used [0x00000000eab00000,0x00000000ec080000,0x00000000ec080000)
  from space 14336K, 95% used [0x00000000ece80000,0x00000000edbefd98,0x00000000edc80000)
  to   space 14336K, 0% used [0x00000000ec080000,0x00000000ec080000,0x00000000ece80000)
 ParOldGen       total 699392K, used 292512K [0x00000000c0000000, 0x00000000eab00000, 0x00000000eab00000)
  object space 699392K, 41% used [0x00000000c0000000,0x00000000d1da8180,0x00000000eab00000)
 Metaspace       used 75579K, capacity 78965K, committed 79232K, reserved 1118208K
  class space    used 8849K, capacity 10009K, committed 10112K, reserved 1048576K
}
Event: 1059.421 GC heap after
{Heap after GC invocations=435 (full 252):
 PSYoungGen      total 36352K, used 14320K [0x00000000eab00000, 0x00000000ee780000, 0x0000000100000000)
  eden space 22016K, 0% used [0x00000000eab00000,0x00000000eab00000,0x00000000ec080000)
  from space 14336K, 99% used [0x00000000ec080000,0x00000000ece7c068,0x00000000ece80000)
  to   space 19456K, 0% used [0x00000000ed480000,0x00000000ed480000,0x00000000ee780000)
 ParOldGen       total 699392K, used 296581K [0x00000000c0000000, 0x00000000eab00000, 0x00000000eab00000)
  object space 699392K, 42% used [0x00000000c0000000,0x00000000d21a15b0,0x00000000eab00000)
 Metaspace       used 75579K, capacity 78965K, committed 79232K, reserved 1118208K
  class space    used 8849K, capacity 10009K, committed 10112K, reserved 1048576K
}
Event: 1059.504 GC heap before
{Heap before GC invocations=436 (full 252):
 PSYoungGen      total 36352K, used 36336K [0x00000000eab00000, 0x00000000ee780000, 0x0000000100000000)
  eden space 22016K, 100% used [0x00000000eab00000,0x00000000ec080000,0x00000000ec080000)
  from space 14336K, 99% used [0x00000000ec080000,0x00000000ece7c068,0x00000000ece80000)
  to   space 19456K, 0% used [0x00000000ed480000,0x00000000ed480000,0x00000000ee780000)
 ParOldGen       total 699392K, used 296581K [0x00000000c0000000, 0x00000000eab00000, 0x00000000eab00000)
  object space 699392K, 42% used [0x00000000c0000000,0x00000000d21a15b0,0x00000000eab00000)
 Metaspace       used 75579K, capacity 78965K, committed 79232K, reserved 1118208K
  class space    used 8849K, capacity 10009K, committed 10112K, reserved 1048576K
}
Event: 1059.527 GC heap after
{Heap after GC invocations=436 (full 252):
 PSYoungGen      total 36352K, used 13251K [0x00000000eab00000, 0x00000000ee180000, 0x0000000100000000)
  eden space 23040K, 0% used [0x00000000eab00000,0x00000000eab00000,0x00000000ec180000)
  from space 13312K, 99% used [0x00000000ed480000,0x00000000ee170cb8,0x00000000ee180000)
  to   space 15360K, 0% used [0x00000000ec380000,0x00000000ec380000,0x00000000ed280000)
 ParOldGen       total 699392K, used 302649K [0x00000000c0000000, 0x00000000eab00000, 0x00000000eab00000)
  object space 699392K, 43% used [0x00000000c0000000,0x00000000d278e490,0x00000000eab00000)
 Metaspace       used 75579K, capacity 78965K, committed 79232K, reserved 1118208K
  class space    used 8849K, capacity 10009K, committed 10112K, reserved 1048576K
}
Event: 1059.616 GC heap before
{Heap before GC invocations=437 (full 252):
 PSYoungGen      total 36352K, used 36291K [0x00000000eab00000, 0x00000000ee180000, 0x0000000100000000)
  eden space 23040K, 100% used [0x00000000eab00000,0x00000000ec180000,0x00000000ec180000)
  from space 13312K, 99% used [0x00000000ed480000,0x00000000ee170cb8,0x00000000ee180000)
  to   space 15360K, 0% used [0x00000000ec380000,0x00000000ec380000,0x00000000ed280000)
 ParOldGen       total 699392K, used 302649K [0x00000000c0000000, 0x00000000eab00000, 0x00000000eab00000)
  object space 699392K, 43% used [0x00000000c0000000,0x00000000d278e490,0x00000000eab00000)
 Metaspace       used 75579K, capacity 78965K, committed 79232K, reserved 1118208K
  class space    used 8849K, capacity 10009K, committed 10112K, reserved 1048576K
}
Event: 1059.636 GC heap after
{Heap after GC invocations=437 (full 252):
 PSYoungGen      total 39424K, used 15336K [0x00000000eab00000, 0x00000000ee880000, 0x0000000100000000)
  eden space 24064K, 0% used [0x00000000eab00000,0x00000000eab00000,0x00000000ec280000)
  from space 15360K, 99% used [0x00000000ec380000,0x00000000ed27a2e0,0x00000000ed280000)
  to   space 19456K, 0% used [0x00000000ed580000,0x00000000ed580000,0x00000000ee880000)
 ParOldGen       total 699392K, used 305734K [0x00000000c0000000, 0x00000000eab00000, 0x00000000eab00000)
  object space 699392K, 43% used [0x00000000c0000000,0x00000000d2a91a18,0x00000000eab00000)
 Metaspace       used 75579K, capacity 78965K, committed 79232K, reserved 1118208K
  class space    used 8849K, capacity 10009K, committed 10112K, reserved 1048576K
}
Event: 1059.725 GC heap before
{Heap before GC invocations=438 (full 252):
 PSYoungGen      total 39424K, used 39400K [0x00000000eab00000, 0x00000000ee880000, 0x0000000100000000)
  eden space 24064K, 100% used [0x00000000eab00000,0x00000000ec280000,0x00000000ec280000)
  from space 15360K, 99% used [0x00000000ec380000,0x00000000ed27a2e0,0x00000000ed280000)
  to   space 19456K, 0% used [0x00000000ed580000,0x00000000ed580000,0x00000000ee880000)
 ParOldGen       total 699392K, used 305734K [0x00000000c0000000, 0x00000000eab00000, 0x00000000eab00000)
  object space 699392K, 43% used [0x00000000c0000000,0x00000000d2a91a18,0x00000000eab00000)
 Metaspace       used 75580K, capacity 78965K, committed 79232K, reserved 1118208K
  class space    used 8849K, capacity 10009K, committed 10112K, reserved 1048576K
}
Event: 1059.748 GC heap after
{Heap after GC invocations=438 (full 252):
 PSYoungGen      total 40960K, used 15745K [0x00000000eab00000, 0x00000000ee500000, 0x0000000100000000)
  eden space 25088K, 0% used [0x00000000eab00000,0x00000000eab00000,0x00000000ec380000)
  from space 15872K, 99% used [0x00000000ed580000,0x00000000ee4e06b0,0x00000000ee500000)
  to   space 16896K, 0% used [0x00000000ec400000,0x00000000ec400000,0x00000000ed480000)
 ParOldGen       total 699392K, used 310671K [0x00000000c0000000, 0x00000000eab00000, 0x00000000eab00000)
  object space 699392K, 44% used [0x00000000c0000000,0x00000000d2f63df0,0x00000000eab00000)
 Metaspace       used 75580K, capacity 78965K, committed 79232K, reserved 1118208K
  class space    used 8849K, capacity 10009K, committed 10112K, reserved 1048576K
}
Event: 1059.853 GC heap before
{Heap before GC invocations=439 (full 252):
 PSYoungGen      total 40960K, used 40833K [0x00000000eab00000, 0x00000000ee500000, 0x0000000100000000)
  eden space 25088K, 100% used [0x00000000eab00000,0x00000000ec380000,0x00000000ec380000)
  from space 15872K, 99% used [0x00000000ed580000,0x00000000ee4e06b0,0x00000000ee500000)
  to   space 16896K, 0% used [0x00000000ec400000,0x00000000ec400000,0x00000000ed480000)
 ParOldGen       total 699392K, used 310671K [0x00000000c0000000, 0x00000000eab00000, 0x00000000eab00000)
  object space 699392K, 44% used [0x00000000c0000000,0x00000000d2f63df0,0x00000000eab00000)
 Metaspace       used 75581K, capacity 78965K, committed 79232K, reserved 1118208K
  class space    used 8849K, capacity 10009K, committed 10112K, reserved 1048576K
}
Event: 1059.876 GC heap after
{Heap after GC invocations=439 (full 252):
 PSYoungGen      total 42496K, used 16869K [0x00000000eab00000, 0x00000000ef080000, 0x0000000100000000)
  eden space 25600K, 0% used [0x00000000eab00000,0x00000000eab00000,0x00000000ec400000)
  from space 16896K, 99% used [0x00000000ec400000,0x00000000ed4795d0,0x00000000ed480000)
  to   space 22528K, 0% used [0x00000000eda80000,0x00000000eda80000,0x00000000ef080000)
 ParOldGen       total 699392K, used 315084K [0x00000000c0000000, 0x00000000eab00000, 0x00000000eab00000)
  object space 699392K, 45% used [0x00000000c0000000,0x00000000d33b33b0,0x00000000eab00000)
 Metaspace       used 75581K, capacity 78965K, committed 79232K, reserved 1118208K
  class space    used 8849K, capacity 10009K, committed 10112K, reserved 1048576K
}
Event: 1059.992 GC heap before
{Heap before GC invocations=440 (full 252):
 PSYoungGen      total 42496K, used 42469K [0x00000000eab00000, 0x00000000ef080000, 0x0000000100000000)
  eden space 25600K, 100% used [0x00000000eab00000,0x00000000ec400000,0x00000000ec400000)
  from space 16896K, 99% used [0x00000000ec400000,0x00000000ed4795d0,0x00000000ed480000)
  to   space 22528K, 0% used [0x00000000eda80000,0x00000000eda80000,0x00000000ef080000)
 ParOldGen       total 699392K, used 315084K [0x00000000c0000000, 0x00000000eab00000, 0x00000000eab00000)
  object space 699392K, 45% used [0x00000000c0000000,0x00000000d33b33b0,0x00000000eab00000)
 Metaspace       used 75581K, capacity 78965K, committed 79232K, reserved 1118208K
  class space    used 8849K, capacity 10009K, committed 10112K, reserved 1048576K
}
Event: 1060.017 GC heap after
{Heap after GC invocations=440 (full 252):
 PSYoungGen      total 43008K, used 16150K [0x00000000eab00000, 0x00000000eea80000, 0x0000000100000000)
  eden space 26624K, 0% used [0x00000000eab00000,0x00000000eab00000,0x00000000ec500000)
  from space 16384K, 98% used [0x00000000eda80000,0x00000000eea45858,0x00000000eea80000)
  to   space 18432K, 0% used [0x00000000ec680000,0x00000000ec680000,0x00000000ed880000)
 ParOldGen       total 699392K, used 321125K [0x00000000c0000000, 0x00000000eab00000, 0x00000000eab00000)
  object space 699392K, 45% used [0x00000000c0000000,0x00000000d39994b0,0x00000000eab00000)
 Metaspace       used 75581K, capacity 78965K, committed 79232K, reserved 1118208K
  class space    used 8849K, capacity 10009K, committed 10112K, reserved 1048576K
}
Event: 1060.134 GC heap before
{Heap before GC invocations=441 (full 252):
 PSYoungGen      total 43008K, used 42774K [0x00000000eab00000, 0x00000000eea80000, 0x0000000100000000)
  eden space 26624K, 100% used [0x00000000eab00000,0x00000000ec500000,0x00000000ec500000)
  from space 16384K, 98% used [0x00000000eda80000,0x00000000eea45858,0x00000000eea80000)
  to   space 18432K, 0% used [0x00000000ec680000,0x00000000ec680000,0x00000000ed880000)
 ParOldGen       total 699392K, used 321125K [0x00000000c0000000, 0x00000000eab00000, 0x00000000eab00000)
  object space 699392K, 45% used [0x00000000c0000000,0x00000000d39994b0,0x00000000eab00000)
 Metaspace       used 75581K, capacity 78965K, committed 79232K, reserved 1118208K
  class space    used 8849K, capacity 10009K, committed 10112K, reserved 1048576K
}
Event: 1060.164 GC heap after
{Heap after GC invocations=441 (full 252):
 PSYoungGen      total 46592K, used 18408K [0x00000000eab00000, 0x00000000ef480000, 0x0000000100000000)
  eden space 28160K, 0% used [0x00000000eab00000,0x00000000eab00000,0x00000000ec680000)
  from space 18432K, 99% used [0x00000000ec680000,0x00000000ed87a2c0,0x00000000ed880000)
  to   space 23552K, 0% used [0x00000000edd80000,0x00000000edd80000,0x00000000ef480000)
 ParOldGen       total 699392K, used 324757K [0x00000000c0000000, 0x00000000eab00000, 0x00000000eab00000)
  object space 699392K, 46% used [0x00000000c0000000,0x00000000d3d25410,0x00000000eab00000)
 Metaspace       used 75581K, capacity 78965K, committed 79232K, reserved 1118208K
  class space    used 8849K, capacity 10009K, committed 10112K, reserved 1048576K
}
Event: 1060.333 GC heap before
{Heap before GC invocations=442 (full 252):
 PSYoungGen      total 46592K, used 46568K [0x00000000eab00000, 0x00000000ef480000, 0x0000000100000000)
  eden space 28160K, 100% used [0x00000000eab00000,0x00000000ec680000,0x00000000ec680000)
  from space 18432K, 99% used [0x00000000ec680000,0x00000000ed87a2c0,0x00000000ed880000)
  to   space 23552K, 0% used [0x00000000edd80000,0x00000000edd80000,0x00000000ef480000)
 ParOldGen       total 699392K, used 324757K [0x00000000c0000000, 0x00000000eab00000, 0x00000000eab00000)
  object space 699392K, 46% used [0x00000000c0000000,0x00000000d3d25410,0x00000000eab00000)
 Metaspace       used 75581K, capacity 78965K, committed 79232K, reserved 1118208K
  class space    used 8849K, capacity 10009K, committed 10112K, reserved 1048576K
}
Event: 1060.367 GC heap after
{Heap after GC invocations=442 (full 252):
 PSYoungGen      total 47616K, used 18428K [0x00000000eab00000, 0x00000000eef80000, 0x0000000100000000)
  eden space 29184K, 0% used [0x00000000eab00000,0x00000000eab00000,0x00000000ec780000)
  from space 18432K, 99% used [0x00000000edd80000,0x00000000eef7f320,0x00000000eef80000)
  to   space 19968K, 0% used [0x00000000ec880000,0x00000000ec880000,0x00000000edc00000)
 ParOldGen       total 699392K, used 331016K [0x00000000c0000000, 0x00000000eab00000, 0x00000000eab00000)
  object space 699392K, 47% used [0x00000000c0000000,0x00000000d4342290,0x00000000eab00000)
 Metaspace       used 75581K, capacity 78965K, committed 79232K, reserved 1118208K
  class space    used 8849K, capacity 10009K, committed 10112K, reserved 1048576K
}
Event: 1060.652 GC heap before
{Heap before GC invocations=443 (full 252):
 PSYoungGen      total 47616K, used 47612K [0x00000000eab00000, 0x00000000eef80000, 0x0000000100000000)
  eden space 29184K, 100% used [0x00000000eab00000,0x00000000ec780000,0x00000000ec780000)
  from space 18432K, 99% used [0x00000000edd80000,0x00000000eef7f320,0x00000000eef80000)
  to   space 19968K, 0% used [0x00000000ec880000,0x00000000ec880000,0x00000000edc00000)
 ParOldGen       total 699392K, used 331016K [0x00000000c0000000, 0x00000000eab00000, 0x00000000eab00000)
  object space 699392K, 47% used [0x00000000c0000000,0x00000000d4342290,0x00000000eab00000)
 Metaspace       used 75659K, capacity 79035K, committed 79232K, reserved 1118208K
  class space    used 8852K, capacity 10010K, committed 10112K, reserved 1048576K
}
Event: 1060.680 GC heap after
{Heap after GC invocations=443 (full 252):
 PSYoungGen      total 50176K, used 19958K [0x00000000eab00000, 0x00000000ef680000, 0x0000000100000000)
  eden space 30208K, 0% used [0x00000000eab00000,0x00000000eab00000,0x00000000ec880000)
  from space 19968K, 99% used [0x00000000ec880000,0x00000000edbfd9e8,0x00000000edc00000)
  to   space 23552K, 0% used [0x00000000edf80000,0x00000000edf80000,0x00000000ef680000)
 ParOldGen       total 699392K, used 333797K [0x00000000c0000000, 0x00000000eab00000, 0x00000000eab00000)
  object space 699392K, 47% used [0x00000000c0000000,0x00000000d45f9548,0x00000000eab00000)
 Metaspace       used 75659K, capacity 79035K, committed 79232K, reserved 1118208K
  class space    used 8852K, capacity 10010K, committed 10112K, reserved 1048576K
}

